-------------------------------------------------------------------------------
Test set: com.nextime.orchestrator.domain.services.SagaExecutionServiceTest
-------------------------------------------------------------------------------
Tests run: 5, Failures: 1, Errors: 0, Skipped: 0, Time elapsed: 0.017 s <<< FAILURE! -- in com.nextime.orchestrator.domain.services.SagaExecutionServiceTest
com.nextime.orchestrator.domain.services.SagaExecutionServiceTest.getNextQueue unknown combination should throw SagaStepNotFoundException -- Time elapsed: 0.005 s <<< FAILURE!
org.opentest4j.AssertionFailedError: Expected com.nextime.orchestrator.domain.exception.SagaStepNotFoundException to be thrown, but nothing was thrown.
	at org.junit.jupiter.api.AssertionFailureBuilder.build(AssertionFailureBuilder.java:159)
	at org.junit.jupiter.api.AssertThrows.assertThrows(AssertThrows.java:74)
	at org.junit.jupiter.api.AssertThrows.assertThrows(AssertThrows.java:35)
	at org.junit.jupiter.api.Assertions.assertThrows(Assertions.java:3223)
	at com.nextime.orchestrator.domain.services.SagaExecutionServiceTest.getNextQueue unknown combination should throw SagaStepNotFoundException(SagaExecutionServiceTest.kt:45)

