-------------------------------------------------------------------------------
Test set: integration.OrchestratorApplicationIntegrationTests
-------------------------------------------------------------------------------
Tests run: 7, Failures: 0, Errors: 7, Skipped: 0, Time elapsed: 4.343 s <<< FAILURE! -- in integration.OrchestratorApplicationIntegrationTests
integration.OrchestratorApplicationIntegrationTests.Example #1.1 -- Time elapsed: 4.097 s <<< ERROR!
kotlin.UninitializedPropertyAccessException: lateinit property sqsClient has not been initialized
	at integration.steps.SagaIntegrationSteps.getSqsClient(SagaIntegrationSteps.kt:27)
	at integration.steps.SagaIntegrationSteps.queReceboEventoNaFila(SagaIntegrationSteps.kt:36)
	at ✽.que recebo um evento na fila order_queue(classpath:features/saga_integration.feature:6)

integration.OrchestratorApplicationIntegrationTests.Example #1.2 -- Time elapsed: 0.013 s <<< ERROR!
kotlin.UninitializedPropertyAccessException: lateinit property sqsClient has not been initialized
	at integration.steps.SagaIntegrationSteps.getSqsClient(SagaIntegrationSteps.kt:27)
	at integration.steps.SagaIntegrationSteps.queReceboEventoNaFila(SagaIntegrationSteps.kt:36)
	at ✽.que recebo um evento na fila payment_queue(classpath:features/saga_integration.feature:6)

integration.OrchestratorApplicationIntegrationTests.Example #1.3 -- Time elapsed: 0.013 s <<< ERROR!
kotlin.UninitializedPropertyAccessException: lateinit property sqsClient has not been initialized
	at integration.steps.SagaIntegrationSteps.getSqsClient(SagaIntegrationSteps.kt:27)
	at integration.steps.SagaIntegrationSteps.queReceboEventoNaFila(SagaIntegrationSteps.kt:36)
	at ✽.que recebo um evento na fila production_queue(classpath:features/saga_integration.feature:6)

integration.OrchestratorApplicationIntegrationTests.Example #1.1 -- Time elapsed: 0.010 s <<< ERROR!
kotlin.UninitializedPropertyAccessException: lateinit property sqsClient has not been initialized
	at integration.steps.SagaIntegrationSteps.getSqsClient(SagaIntegrationSteps.kt:27)
	at integration.steps.SagaIntegrationSteps.queReceboEventoNaFila(SagaIntegrationSteps.kt:36)
	at ✽.que recebo um evento na fila payment_queue(classpath:features/saga_integration.feature:17)

integration.OrchestratorApplicationIntegrationTests.Example #1.2 -- Time elapsed: 0.009 s <<< ERROR!
kotlin.UninitializedPropertyAccessException: lateinit property sqsClient has not been initialized
	at integration.steps.SagaIntegrationSteps.getSqsClient(SagaIntegrationSteps.kt:27)
	at integration.steps.SagaIntegrationSteps.queReceboEventoNaFila(SagaIntegrationSteps.kt:36)
	at ✽.que recebo um evento na fila production_queue(classpath:features/saga_integration.feature:17)

integration.OrchestratorApplicationIntegrationTests.Example #1.1 -- Time elapsed: 0.010 s <<< ERROR!
kotlin.UninitializedPropertyAccessException: lateinit property sqsClient has not been initialized
	at integration.steps.SagaIntegrationSteps.getSqsClient(SagaIntegrationSteps.kt:27)
	at integration.steps.SagaIntegrationSteps.queReceboEventoNaFila(SagaIntegrationSteps.kt:36)
	at ✽.que recebo um evento na fila payment_queue(classpath:features/saga_integration.feature:27)

integration.OrchestratorApplicationIntegrationTests.Example #1.2 -- Time elapsed: 0.011 s <<< ERROR!
kotlin.UninitializedPropertyAccessException: lateinit property sqsClient has not been initialized
	at integration.steps.SagaIntegrationSteps.getSqsClient(SagaIntegrationSteps.kt:27)
	at integration.steps.SagaIntegrationSteps.queReceboEventoNaFila(SagaIntegrationSteps.kt:36)
	at ✽.que recebo um evento na fila production_queue(classpath:features/saga_integration.feature:27)

