-------------------------------------------------------------------------------
Test set: integration.OrchestratorApplicationIntegrationTests
-------------------------------------------------------------------------------
Tests run: 7, Failures: 5, Errors: 2, Skipped: 0, Time elapsed: 9.582 s <<< FAILURE! -- in integration.OrchestratorApplicationIntegrationTests
Exemplos.Example #1.1 -- Time elapsed: 5.138 s <<< FAILURE!
java.lang.AssertionError: Nenhuma mensagem encontrada na fila order-queue. O orquestrador não recebeu a mensagem.
	at integration.steps.SagaIntegrationSteps.oEventoDeÉRecebidoPeloOrquestrador(SagaIntegrationSteps.kt:91)
	at integration.steps.SagaIntegrationSteps.oEventoERecebidoPeloOrquestrador(SagaIntegrationSteps.kt:79)
	at ✽.o evento é recebido pelo orquestrador(classpath:features/saga_integration.feature:7)

Exemplos.Example #1.2 -- Time elapsed: 1.028 s <<< FAILURE!
java.lang.AssertionError: Nenhuma mensagem encontrada na fila payment-callback-queue. O orquestrador não recebeu a mensagem.
	at integration.steps.SagaIntegrationSteps.oEventoDeÉRecebidoPeloOrquestrador(SagaIntegrationSteps.kt:91)
	at integration.steps.SagaIntegrationSteps.oEventoERecebidoPeloOrquestrador(SagaIntegrationSteps.kt:79)
	at ✽.o evento é recebido pelo orquestrador(classpath:features/saga_integration.feature:7)

Exemplos.Example #1.3 -- Time elapsed: 1.025 s <<< FAILURE!
java.lang.AssertionError: Nenhuma mensagem encontrada na fila production-callback-queue. O orquestrador não recebeu a mensagem.
	at integration.steps.SagaIntegrationSteps.oEventoDeÉRecebidoPeloOrquestrador(SagaIntegrationSteps.kt:91)
	at integration.steps.SagaIntegrationSteps.oEventoERecebidoPeloOrquestrador(SagaIntegrationSteps.kt:79)
	at ✽.o evento é recebido pelo orquestrador(classpath:features/saga_integration.feature:7)

Exemplos.Example #1.1 -- Time elapsed: 1.025 s <<< FAILURE!
java.lang.AssertionError: Nenhuma mensagem encontrada na fila payment-callback-queue. O orquestrador não recebeu a mensagem.
	at integration.steps.SagaIntegrationSteps.oEventoDeÉRecebidoPeloOrquestrador(SagaIntegrationSteps.kt:91)
	at integration.steps.SagaIntegrationSteps.oEventoERecebidoPeloOrquestrador(SagaIntegrationSteps.kt:79)
	at ✽.o evento é recebido pelo orquestrador(classpath:features/saga_integration.feature:18)

Exemplos.Example #1.2 -- Time elapsed: 1.022 s <<< FAILURE!
java.lang.AssertionError: Nenhuma mensagem encontrada na fila production-callback-queue. O orquestrador não recebeu a mensagem.
	at integration.steps.SagaIntegrationSteps.oEventoDeÉRecebidoPeloOrquestrador(SagaIntegrationSteps.kt:91)
	at integration.steps.SagaIntegrationSteps.oEventoERecebidoPeloOrquestrador(SagaIntegrationSteps.kt:79)
	at ✽.o evento é recebido pelo orquestrador(classpath:features/saga_integration.feature:18)

Exemplos.Example #1.1 -- Time elapsed: 0.017 s <<< ERROR!
software.amazon.awssdk.services.sqs.model.QueueDoesNotExistException: The specified queue does not exist. (Service: Sqs, Status Code: 400, Request ID: 5210f261-4606-40c8-9bb6-812a265a1b21)
	at software.amazon.awssdk.core.internal.http.CombinedResponseHandler.handleErrorResponse(CombinedResponseHandler.java:124)
	at software.amazon.awssdk.core.internal.http.CombinedResponseHandler.handleResponse(CombinedResponseHandler.java:81)
	at software.amazon.awssdk.core.internal.http.CombinedResponseHandler.handle(CombinedResponseHandler.java:59)
	at software.amazon.awssdk.core.internal.http.CombinedResponseHandler.handle(CombinedResponseHandler.java:40)
	at software.amazon.awssdk.core.internal.http.pipeline.stages.HandleResponseStage.execute(HandleResponseStage.java:50)
	at software.amazon.awssdk.core.internal.http.pipeline.stages.HandleResponseStage.execute(HandleResponseStage.java:38)
	at software.amazon.awssdk.core.internal.http.pipeline.RequestPipelineBuilder$ComposingRequestPipelineStage.execute(RequestPipelineBuilder.java:206)
	at software.amazon.awssdk.core.internal.http.pipeline.stages.ApiCallAttemptTimeoutTrackingStage.execute(ApiCallAttemptTimeoutTrackingStage.java:74)
	at software.amazon.awssdk.core.internal.http.pipeline.stages.ApiCallAttemptTimeoutTrackingStage.execute(ApiCallAttemptTimeoutTrackingStage.java:43)
	at software.amazon.awssdk.core.internal.http.pipeline.stages.TimeoutExceptionHandlingStage.execute(TimeoutExceptionHandlingStage.java:79)
	at software.amazon.awssdk.core.internal.http.pipeline.stages.TimeoutExceptionHandlingStage.execute(TimeoutExceptionHandlingStage.java:41)
	at software.amazon.awssdk.core.internal.http.pipeline.stages.ApiCallAttemptMetricCollectionStage.execute(ApiCallAttemptMetricCollectionStage.java:55)
	at software.amazon.awssdk.core.internal.http.pipeline.stages.ApiCallAttemptMetricCollectionStage.execute(ApiCallAttemptMetricCollectionStage.java:39)
	at software.amazon.awssdk.core.internal.http.pipeline.stages.RetryableStage2.executeRequest(RetryableStage2.java:93)
	at software.amazon.awssdk.core.internal.http.pipeline.stages.RetryableStage2.execute(RetryableStage2.java:56)
	at software.amazon.awssdk.core.internal.http.pipeline.stages.RetryableStage2.execute(RetryableStage2.java:36)
	at software.amazon.awssdk.core.internal.http.pipeline.RequestPipelineBuilder$ComposingRequestPipelineStage.execute(RequestPipelineBuilder.java:206)
	at software.amazon.awssdk.core.internal.http.StreamManagingStage.execute(StreamManagingStage.java:53)
	at software.amazon.awssdk.core.internal.http.StreamManagingStage.execute(StreamManagingStage.java:35)
	at software.amazon.awssdk.core.internal.http.pipeline.stages.ApiCallTimeoutTrackingStage.executeWithTimer(ApiCallTimeoutTrackingStage.java:82)
	at software.amazon.awssdk.core.internal.http.pipeline.stages.ApiCallTimeoutTrackingStage.execute(ApiCallTimeoutTrackingStage.java:62)
	at software.amazon.awssdk.core.internal.http.pipeline.stages.ApiCallTimeoutTrackingStage.execute(ApiCallTimeoutTrackingStage.java:43)
	at software.amazon.awssdk.core.internal.http.pipeline.stages.ApiCallMetricCollectionStage.execute(ApiCallMetricCollectionStage.java:50)
	at software.amazon.awssdk.core.internal.http.pipeline.stages.ApiCallMetricCollectionStage.execute(ApiCallMetricCollectionStage.java:32)
	at software.amazon.awssdk.core.internal.http.pipeline.RequestPipelineBuilder$ComposingRequestPipelineStage.execute(RequestPipelineBuilder.java:206)
	at software.amazon.awssdk.core.internal.http.pipeline.RequestPipelineBuilder$ComposingRequestPipelineStage.execute(RequestPipelineBuilder.java:206)
	at software.amazon.awssdk.core.internal.http.pipeline.stages.ExecutionFailureExceptionReportingStage.execute(ExecutionFailureExceptionReportingStage.java:37)
	at software.amazon.awssdk.core.internal.http.pipeline.stages.ExecutionFailureExceptionReportingStage.execute(ExecutionFailureExceptionReportingStage.java:26)
	at software.amazon.awssdk.core.internal.http.AmazonSyncHttpClient$RequestExecutionBuilderImpl.execute(AmazonSyncHttpClient.java:210)
	at software.amazon.awssdk.core.internal.handler.BaseSyncClientHandler.invoke(BaseSyncClientHandler.java:103)
	at software.amazon.awssdk.core.internal.handler.BaseSyncClientHandler.doExecute(BaseSyncClientHandler.java:173)
	at software.amazon.awssdk.core.internal.handler.BaseSyncClientHandler.lambda$execute$1(BaseSyncClientHandler.java:80)
	at software.amazon.awssdk.core.internal.handler.BaseSyncClientHandler.measureApiCallSuccess(BaseSyncClientHandler.java:182)
	at software.amazon.awssdk.core.internal.handler.BaseSyncClientHandler.execute(BaseSyncClientHandler.java:74)
	at software.amazon.awssdk.core.client.handler.SdkSyncClientHandler.execute(SdkSyncClientHandler.java:45)
	at software.amazon.awssdk.awscore.client.handler.AwsSyncClientHandler.execute(AwsSyncClientHandler.java:53)
	at software.amazon.awssdk.services.sqs.DefaultSqsClient.getQueueUrl(DefaultSqsClient.java:1245)
	at integration.utils.SqsTestSupport.resolveQueueUrl(SqsTestSupport.kt:16)
	at integration.steps.SagaIntegrationSteps.queUmEventoValidoEhEnviadoParaAFila(SagaIntegrationSteps.kt:44)
	at ✽.que um evento válido é enviado para a fila payment_queue com o status ROLLBACK_PENDING e o source PAYMENT(classpath:features/saga_integration.feature:27)

Exemplos.Example #1.2 -- Time elapsed: 0.010 s <<< ERROR!
software.amazon.awssdk.services.sqs.model.QueueDoesNotExistException: The specified queue does not exist. (Service: Sqs, Status Code: 400, Request ID: 80372af2-d70b-4fa3-818e-266b80128945)
	at software.amazon.awssdk.core.internal.http.CombinedResponseHandler.handleErrorResponse(CombinedResponseHandler.java:124)
	at software.amazon.awssdk.core.internal.http.CombinedResponseHandler.handleResponse(CombinedResponseHandler.java:81)
	at software.amazon.awssdk.core.internal.http.CombinedResponseHandler.handle(CombinedResponseHandler.java:59)
	at software.amazon.awssdk.core.internal.http.CombinedResponseHandler.handle(CombinedResponseHandler.java:40)
	at software.amazon.awssdk.core.internal.http.pipeline.stages.HandleResponseStage.execute(HandleResponseStage.java:50)
	at software.amazon.awssdk.core.internal.http.pipeline.stages.HandleResponseStage.execute(HandleResponseStage.java:38)
	at software.amazon.awssdk.core.internal.http.pipeline.RequestPipelineBuilder$ComposingRequestPipelineStage.execute(RequestPipelineBuilder.java:206)
	at software.amazon.awssdk.core.internal.http.pipeline.stages.ApiCallAttemptTimeoutTrackingStage.execute(ApiCallAttemptTimeoutTrackingStage.java:74)
	at software.amazon.awssdk.core.internal.http.pipeline.stages.ApiCallAttemptTimeoutTrackingStage.execute(ApiCallAttemptTimeoutTrackingStage.java:43)
	at software.amazon.awssdk.core.internal.http.pipeline.stages.TimeoutExceptionHandlingStage.execute(TimeoutExceptionHandlingStage.java:79)
	at software.amazon.awssdk.core.internal.http.pipeline.stages.TimeoutExceptionHandlingStage.execute(TimeoutExceptionHandlingStage.java:41)
	at software.amazon.awssdk.core.internal.http.pipeline.stages.ApiCallAttemptMetricCollectionStage.execute(ApiCallAttemptMetricCollectionStage.java:55)
	at software.amazon.awssdk.core.internal.http.pipeline.stages.ApiCallAttemptMetricCollectionStage.execute(ApiCallAttemptMetricCollectionStage.java:39)
	at software.amazon.awssdk.core.internal.http.pipeline.stages.RetryableStage2.executeRequest(RetryableStage2.java:93)
	at software.amazon.awssdk.core.internal.http.pipeline.stages.RetryableStage2.execute(RetryableStage2.java:56)
	at software.amazon.awssdk.core.internal.http.pipeline.stages.RetryableStage2.execute(RetryableStage2.java:36)
	at software.amazon.awssdk.core.internal.http.pipeline.RequestPipelineBuilder$ComposingRequestPipelineStage.execute(RequestPipelineBuilder.java:206)
	at software.amazon.awssdk.core.internal.http.StreamManagingStage.execute(StreamManagingStage.java:53)
	at software.amazon.awssdk.core.internal.http.StreamManagingStage.execute(StreamManagingStage.java:35)
	at software.amazon.awssdk.core.internal.http.pipeline.stages.ApiCallTimeoutTrackingStage.executeWithTimer(ApiCallTimeoutTrackingStage.java:82)
	at software.amazon.awssdk.core.internal.http.pipeline.stages.ApiCallTimeoutTrackingStage.execute(ApiCallTimeoutTrackingStage.java:62)
	at software.amazon.awssdk.core.internal.http.pipeline.stages.ApiCallTimeoutTrackingStage.execute(ApiCallTimeoutTrackingStage.java:43)
	at software.amazon.awssdk.core.internal.http.pipeline.stages.ApiCallMetricCollectionStage.execute(ApiCallMetricCollectionStage.java:50)
	at software.amazon.awssdk.core.internal.http.pipeline.stages.ApiCallMetricCollectionStage.execute(ApiCallMetricCollectionStage.java:32)
	at software.amazon.awssdk.core.internal.http.pipeline.RequestPipelineBuilder$ComposingRequestPipelineStage.execute(RequestPipelineBuilder.java:206)
	at software.amazon.awssdk.core.internal.http.pipeline.RequestPipelineBuilder$ComposingRequestPipelineStage.execute(RequestPipelineBuilder.java:206)
	at software.amazon.awssdk.core.internal.http.pipeline.stages.ExecutionFailureExceptionReportingStage.execute(ExecutionFailureExceptionReportingStage.java:37)
	at software.amazon.awssdk.core.internal.http.pipeline.stages.ExecutionFailureExceptionReportingStage.execute(ExecutionFailureExceptionReportingStage.java:26)
	at software.amazon.awssdk.core.internal.http.AmazonSyncHttpClient$RequestExecutionBuilderImpl.execute(AmazonSyncHttpClient.java:210)
	at software.amazon.awssdk.core.internal.handler.BaseSyncClientHandler.invoke(BaseSyncClientHandler.java:103)
	at software.amazon.awssdk.core.internal.handler.BaseSyncClientHandler.doExecute(BaseSyncClientHandler.java:173)
	at software.amazon.awssdk.core.internal.handler.BaseSyncClientHandler.lambda$execute$1(BaseSyncClientHandler.java:80)
	at software.amazon.awssdk.core.internal.handler.BaseSyncClientHandler.measureApiCallSuccess(BaseSyncClientHandler.java:182)
	at software.amazon.awssdk.core.internal.handler.BaseSyncClientHandler.execute(BaseSyncClientHandler.java:74)
	at software.amazon.awssdk.core.client.handler.SdkSyncClientHandler.execute(SdkSyncClientHandler.java:45)
	at software.amazon.awssdk.awscore.client.handler.AwsSyncClientHandler.execute(AwsSyncClientHandler.java:53)
	at software.amazon.awssdk.services.sqs.DefaultSqsClient.getQueueUrl(DefaultSqsClient.java:1245)
	at integration.utils.SqsTestSupport.resolveQueueUrl(SqsTestSupport.kt:16)
	at integration.steps.SagaIntegrationSteps.queUmEventoValidoEhEnviadoParaAFila(SagaIntegrationSteps.kt:44)
	at ✽.que um evento válido é enviado para a fila production_queue com o status ROLLBACK_PENDING e o source PRODUCTION(classpath:features/saga_integration.feature:27)

