<?xml version="1.0" encoding="UTF-8"?>
<testsuite xmlns:xsi="http://www.w3.org/2001/XMLSchema-instance" xsi:noNamespaceSchemaLocation="https://maven.apache.org/surefire/maven-surefire-plugin/xsd/surefire-test-report.xsd" version="3.0.2" name="integration.OrchestratorApplicationIntegrationTests" time="14.076" tests="7" errors="0" skipped="0" failures="0">
  <properties>
[...]
</properties>
  <testcase name="Example #1.1" classname="Exemplos" time="7.559">
    <system-out><![CDATA[15:21:52,642 |-INFO in ch.qos.logback.classic.LoggerContext[default] - This is logback-classic version 1.5.12
15:21:52,645 |-INFO in ch.qos.logback.classic.util.ContextInitializer@38874eb5 - Here is a list of configurators discovered as a service, by rank: 
15:21:52,646 |-INFO in ch.qos.logback.classic.util.ContextInitializer@38874eb5 -   org.springframework.boot.logging.logback.RootLogLevelConfigurator
15:21:52,646 |-INFO in ch.qos.logback.classic.util.ContextInitializer@38874eb5 - They will be invoked in order until ExecutionStatus.DO_NOT_INVOKE_NEXT_IF_ANY is returned.
15:21:52,646 |-INFO in ch.qos.logback.classic.util.ContextInitializer@38874eb5 - Constructed configurator of type class org.springframework.boot.logging.logback.RootLogLevelConfigurator
15:21:52,651 |-INFO in ch.qos.logback.classic.util.ContextInitializer@38874eb5 - org.springframework.boot.logging.logback.RootLogLevelConfigurator.configure() call lasted 0 milliseconds. ExecutionStatus=INVOKE_NEXT_IF_ANY
15:21:52,651 |-INFO in ch.qos.logback.classic.util.ContextInitializer@38874eb5 - Trying to configure with ch.qos.logback.classic.joran.SerializedModelConfigurator
15:21:52,653 |-INFO in ch.qos.logback.classic.util.ContextInitializer@38874eb5 - Constructed configurator of type class ch.qos.logback.classic.joran.SerializedModelConfigurator
15:21:52,655 |-INFO in ch.qos.logback.classic.LoggerContext[default] - Could NOT find resource [logback-test.scmo]
15:21:52,655 |-INFO in ch.qos.logback.classic.LoggerContext[default] - Could NOT find resource [logback.scmo]
15:21:52,655 |-INFO in ch.qos.logback.classic.util.ContextInitializer@38874eb5 - ch.qos.logback.classic.joran.SerializedModelConfigurator.configure() call lasted 2 milliseconds. ExecutionStatus=INVOKE_NEXT_IF_ANY
15:21:52,655 |-INFO in ch.qos.logback.classic.util.ContextInitializer@38874eb5 - Trying to configure with ch.qos.logback.classic.util.DefaultJoranConfigurator
15:21:52,656 |-INFO in ch.qos.logback.classic.util.ContextInitializer@38874eb5 - Constructed configurator of type class ch.qos.logback.classic.util.DefaultJoranConfigurator
15:21:52,656 |-INFO in ch.qos.logback.classic.LoggerContext[default] - Could NOT find resource [logback-test.xml]
15:21:52,656 |-INFO in ch.qos.logback.classic.LoggerContext[default] - Could NOT find resource [logback.xml]
15:21:52,656 |-INFO in ch.qos.logback.classic.util.ContextInitializer@38874eb5 - ch.qos.logback.classic.util.DefaultJoranConfigurator.configure() call lasted 0 milliseconds. ExecutionStatus=INVOKE_NEXT_IF_ANY
15:21:52,656 |-INFO in ch.qos.logback.classic.util.ContextInitializer@38874eb5 - Trying to configure with ch.qos.logback.classic.BasicConfigurator
15:21:52,657 |-INFO in ch.qos.logback.classic.util.ContextInitializer@38874eb5 - Constructed configurator of type class ch.qos.logback.classic.BasicConfigurator
15:21:52,657 |-INFO in ch.qos.logback.classic.BasicConfigurator@76b019c4 - Setting up default configuration.
15:21:52,678 |-INFO in ch.qos.logback.classic.util.ContextInitializer@38874eb5 - ch.qos.logback.classic.BasicConfigurator.configure() call lasted 21 milliseconds. ExecutionStatus=NEUTRAL
15:21:53,771 |-INFO in ch.qos.logback.classic.model.processor.ConfigurationModelHandlerFull - Registering a new ReconfigureOnChangeTask ReconfigureOnChangeTask(born:1769192513770)
15:21:53,772 |-INFO in ch.qos.logback.classic.model.processor.ConfigurationModelHandlerFull - No 'scanPeriod' specified. Defaulting to 1 minutes
15:21:53,772 |-INFO in ch.qos.logback.classic.model.processor.ConfigurationModelHandlerFull - Will scan for changes in [ConfigurationWatchList(mainURL=file:/C:/Users/Marcelo/Documents/workspace/ms-orchestrator/target/classes/logback-spring.xml, fileWatchList={C:\Users\Marcelo\Documents\workspace\ms-orchestrator\target\classes\logback-spring.xml}, urlWatchList=[})] 
15:21:53,772 |-INFO in ch.qos.logback.classic.model.processor.ConfigurationModelHandlerFull - Setting ReconfigureOnChangeTask scanning period to 1 minutes
15:21:53,774 |-INFO in ch.qos.logback.core.model.processor.AppenderModelHandler - Processing appender named [CONSOLE_PLAIN]
15:21:53,774 |-INFO in ch.qos.logback.core.model.processor.AppenderModelHandler - About to instantiate appender of type [ch.qos.logback.core.ConsoleAppender]
15:21:53,781 |-INFO in ch.qos.logback.core.model.processor.ImplicitModelHandler - Assuming default type [ch.qos.logback.classic.encoder.PatternLayoutEncoder] for [encoder] property
15:21:53,782 |-INFO in ch.qos.logback.core.model.processor.ModelInterpretationContext@221961af - value "%d{yyyy-MM-dd HH:mm:ss.SSS} [%thread] %-5level [%X{traceId}] %logger{36} - %msg%n" substituted for "${LOG_PATTERN}"
15:21:53,804 |-INFO in ch.qos.logback.core.model.processor.AppenderModelHandler - Processing appender named [CONSOLE_JSON]
15:21:53,804 |-INFO in ch.qos.logback.core.model.processor.AppenderModelHandler - About to instantiate appender of type [ch.qos.logback.core.ConsoleAppender]
15:21:54,200 |-WARN in ch.qos.logback.core.model.processor.AppenderModelHandler - Appender named [ASYNC_JSON] not referenced. Skipping further processing.
15:21:54,200 |-INFO in ch.qos.logback.classic.model.processor.RootLoggerModelHandler - Setting level of ROOT logger to INFO
15:21:54,202 |-INFO in ch.qos.logback.classic.jul.LevelChangePropagator@32ddcca - Propagating INFO level on Logger[ROOT] onto the JUL framework
15:21:54,202 |-INFO in ch.qos.logback.core.model.processor.AppenderRefModelHandler - Attaching appender named [CONSOLE_PLAIN] to Logger[ROOT]
15:21:54,202 |-INFO in ch.qos.logback.core.model.processor.DefaultProcessor@1ddc8fc - End of configuration.
15:21:54,202 |-INFO in org.springframework.boot.logging.logback.SpringBootJoranConfigurator@77d58f3a - Registering current configuration as safe fallback point

███╗   ███╗███████╗      ██████╗ ██████╗  ██████╗██╗  ██╗███████╗███████╗████████╗██████╗  █████╗ ████████╗ ██████╗ ██████╗ 
████╗ ████║██╔════╝     ██╔═══██╗██╔══██╗██╔════╝██║  ██║██╔════╝██╔════╝╚══██╔══╝██╔══██╗██╔══██╗╚══██╔══╝██╔═══██╗██╔══██╗
██╔████╔██║███████╗     ██║   ██║██████╔╝██║     ███████║█████╗  ███████╗   ██║   ██████╔╝███████║   ██║   ██║   ██║██████╔╝
██║╚██╔╝██║╚════██║     ██║   ██║██╔══██╗██║     ██╔══██║██╔══╝  ╚════██║   ██║   ██╔══██╗██╔══██║   ██║   ██║   ██║██╔══██╗
██║ ╚═╝ ██║███████║     ╚██████╔╝██║  ██║╚██████╗██║  ██║███████╗███████║   ██║   ██║  ██║██║  ██║   ██║   ╚██████╔╝██║  ██║
╚═╝     ╚═╝╚══════╝      ╚═════╝ ╚═╝  ╚═╝ ╚═════╝╚═╝  ╚═╝╚══════╝╚══════╝   ╚═╝   ╚═╝  ╚═╝╚═╝  ╚═╝   ╚═╝    ╚═════╝ ╚═╝  ╚═╝
2026-01-23 15:21:54.360 [main] INFO  [] i.config.CucumberSpringConfig - Starting CucumberSpringConfig using Java 17.0.12 with PID 18976 (started by Marcelo in C:\Users\Marcelo\Documents\workspace\ms-orchestrator)
2026-01-23 15:21:54.362 [main] INFO  [] i.config.CucumberSpringConfig - The following 1 profile is active: "test"
2026-01-23 15:21:56.925 [main] WARN  [] i.a.c.a.c.CredentialsProviderAutoConfiguration - Skipping creating `StsCredentialsProvider`. `software.amazon.awssdk:sts` is on the classpath, but neither `spring.cloud.aws.credentials.sts` properties are configured nor `AWS_WEB_IDENTITY_TOKEN_FILE` or the javaproperty `aws.webIdentityTokenFile` is set
2026-01-23 15:21:57.929 [lifecycle-thread-1] INFO  [] i.a.c.s.l.AbstractMessageListenerContainer - Container io.awspring.cloud.sqs.sqsListenerEndpointContainer#0 started
2026-01-23 15:21:57.929 [lifecycle-thread-3] INFO  [] i.a.c.s.l.AbstractMessageListenerContainer - Container io.awspring.cloud.sqs.sqsListenerEndpointContainer#2 started
2026-01-23 15:21:57.929 [lifecycle-thread-2] INFO  [] i.a.c.s.l.AbstractMessageListenerContainer - Container io.awspring.cloud.sqs.sqsListenerEndpointContainer#1 started
2026-01-23 15:21:57.935 [main] INFO  [] i.config.CucumberSpringConfig - Started CucumberSpringConfig in 4.752 seconds (process running for 6.782)
2026-01-23 15:21:58.770 [main] INFO  [] c.n.o.i.adapters.LoggerAdapter - [OrchestrationService.startSaga] Saga iniciada com o id: 498c84c3-f04d-410a-9f2f-b544b4d2a06e
2026-01-23 15:21:58.771 [main] INFO  [] c.n.o.i.adapters.LoggerAdapter - [OrchestrationService.startSaga] Enviando evento para: 2 filas producer: [PRODUCTION_QUEUE, PAYMENT_QUEUE]
2026-01-23 15:21:59.260 [main] INFO  [] c.n.o.i.adapters.LoggerAdapter - [SagaOrchestratorProducer.sendEvent] Iniciando publicação na fila: production-queue
2026-01-23 15:21:59.271 [main] INFO  [] c.n.o.i.adapters.LoggerAdapter - [SagaOrchestratorProducer.sendEvent] Iniciando publicação na fila: payment-queue
=== DEBUG - Step @Entao ===
lastQueueName: order-queue
event.source: ORCHESTRATOR
event.status: SUCCESS
event.id: 498c84c3-f04d-410a-9f2f-b544b4d2a06e
event.transactionId: 86801354-0d9a-4af6-a7df-7533ce7c37da
event.orderId: f6ac176d-3a38-438d-b13d-dc1f743e530f
]]></system-out>
  </testcase>
  <testcase name="Example #1.1" classname="Exemplos" time="1.019">
    <system-out><![CDATA[2026-01-23 15:22:02.342 [main] INFO  [] c.n.o.i.adapters.LoggerAdapter - [OrchestrationService.finishSagaFail] Saga finalizada com erro para o evento com id: d2638fae-cb76-4014-957c-a690a6b65729!
2026-01-23 15:22:02.343 [main] INFO  [] c.n.o.i.adapters.LoggerAdapter - [SagaOrchestratorProducer.sendEvent] Iniciando publicação na fila: order-callback-queue
=== DEBUG - Step @Entao ===
lastQueueName: payment-callback-queue
event.source: PAYMENT
event.status: FAIL
event.id: d2638fae-cb76-4014-957c-a690a6b65729
event.transactionId: 81f30a83-9898-4dd7-bd20-264fbb4ab837
event.orderId: fb752b3c-28cb-4238-a55c-faf0f0a5c1bb
]]></system-out>
  </testcase>
  <testcase name="Example #1.1" classname="Exemplos" time="1.018">
    <system-out><![CDATA[2026-01-23 15:22:04.379 [main] INFO  [] c.n.o.i.adapters.LoggerAdapter - [OrchestrationService.handleRollback] Rollback da saga para o evento com o id: fe8188f5-8744-4f6f-9476-fe6a8f502476!
2026-01-23 15:22:04.380 [main] INFO  [] c.n.o.i.adapters.LoggerAdapter - [OrchestrationService.handleRollback] Enviando evento de rollback para as filas: [PAYMENT_QUEUE, PRODUCTION_QUEUE]
2026-01-23 15:22:04.380 [main] INFO  [] c.n.o.i.adapters.LoggerAdapter - [SagaOrchestratorProducer.sendEvent] Iniciando publicação na fila: payment-queue
2026-01-23 15:22:04.382 [main] INFO  [] c.n.o.i.adapters.LoggerAdapter - [SagaOrchestratorProducer.sendEvent] Iniciando publicação na fila: production-queue
=== DEBUG - Step @Entao ===
lastQueueName: payment-queue
event.source: PAYMENT
event.status: ROLLBACK_PENDING
event.id: fe8188f5-8744-4f6f-9476-fe6a8f502476
event.transactionId: 12d75d99-96c5-4b5b-b1c4-695b1c84f803
event.orderId: 672dbcbe-4468-457b-b6ce-ca589eab0185
]]></system-out>
  </testcase>
  <testcase name="Example #1.2" classname="Exemplos" time="1.026">
    <system-out><![CDATA[2026-01-23 15:22:00.295 [main] INFO  [] c.n.o.i.adapters.LoggerAdapter - [OrchestrationService.continueSaga] Continuando saga para o evento com o id: 8c5067e8-0a59-4684-922e-2301dd712671
2026-01-23 15:22:00.296 [main] INFO  [] c.n.o.i.adapters.LoggerAdapter - [SagaOrchestratorProducer.sendEvent] Iniciando publicação na fila: production-queue
=== DEBUG - Step @Entao ===
lastQueueName: payment-callback-queue
event.source: PAYMENT
event.status: SUCCESS
event.id: 8c5067e8-0a59-4684-922e-2301dd712671
event.transactionId: a1e7447e-08b3-493a-810f-2fee66b28370
event.orderId: d8d03a20-802b-494f-b076-2f18959c0de3
]]></system-out>
  </testcase>
  <testcase name="Example #1.2" classname="Exemplos" time="1.015">
    <system-out><![CDATA[2026-01-23 15:22:03.361 [main] INFO  [] c.n.o.i.adapters.LoggerAdapter - [OrchestrationService.finishSagaFail] Saga finalizada com erro para o evento com id: 346aabe1-3615-4205-875c-86f9138323ae!
2026-01-23 15:22:03.361 [main] INFO  [] c.n.o.i.adapters.LoggerAdapter - [SagaOrchestratorProducer.sendEvent] Iniciando publicação na fila: order-callback-queue
=== DEBUG - Step @Entao ===
lastQueueName: production-callback-queue
event.source: PRODUCTION
event.status: FAIL
event.id: 346aabe1-3615-4205-875c-86f9138323ae
event.transactionId: 6e568d70-2294-4268-9e60-805d3e9bde74
event.orderId: 53cb826f-0b19-4371-bcee-643ec1dafbe8
]]></system-out>
  </testcase>
  <testcase name="Example #1.2" classname="Exemplos" time="1.017">
    <system-out><![CDATA[2026-01-23 15:22:05.396 [main] INFO  [] c.n.o.i.adapters.LoggerAdapter - [OrchestrationService.handleRollback] Rollback da saga para o evento com o id: f93bfd7d-b587-4029-b7e8-abd991dbfba3!
2026-01-23 15:22:05.396 [main] INFO  [] c.n.o.i.adapters.LoggerAdapter - [OrchestrationService.handleRollback] Enviando evento de rollback para as filas: [PRODUCTION_QUEUE, PAYMENT_QUEUE]
2026-01-23 15:22:05.396 [main] INFO  [] c.n.o.i.adapters.LoggerAdapter - [SagaOrchestratorProducer.sendEvent] Iniciando publicação na fila: production-queue
2026-01-23 15:22:05.400 [main] INFO  [] c.n.o.i.adapters.LoggerAdapter - [SagaOrchestratorProducer.sendEvent] Iniciando publicação na fila: payment-queue
=== DEBUG - Step @Entao ===
lastQueueName: production-queue
event.source: PRODUCTION
event.status: ROLLBACK_PENDING
event.id: f93bfd7d-b587-4029-b7e8-abd991dbfba3
event.transactionId: 2c1d9311-66fd-4e16-b33c-ee7c89fe8519
event.orderId: 0eaf0a98-e756-4a92-9e95-09b0e0daf416
]]></system-out>
  </testcase>
  <testcase name="Example #1.3" classname="Exemplos" time="1.023">
    <system-out><![CDATA[2026-01-23 15:22:01.319 [main] INFO  [] c.n.o.i.adapters.LoggerAdapter - [OrchestrationService.finishSagaSuccess] Saga finalizada com sucesso para o evento do id: e49b04e8-7aeb-484d-a137-3e3b2663b363!
2026-01-23 15:22:01.320 [main] INFO  [] c.n.o.i.adapters.LoggerAdapter - [SagaOrchestratorProducer.sendEvent] Iniciando publicação na fila: order-callback-queue
=== DEBUG - Step @Entao ===
lastQueueName: production-callback-queue
event.source: PRODUCTION
event.status: SUCCESS
event.id: e49b04e8-7aeb-484d-a137-3e3b2663b363
event.transactionId: c9002330-42c0-4069-9853-7f325c5e142b
event.orderId: 28cf4528-5dcb-40b4-b607-26d1d6f0a122
]]></system-out>
  </testcase>
</testsuite>