<?xml version="1.0" encoding="UTF-8"?>
<testsuite xmlns:xsi="http://www.w3.org/2001/XMLSchema-instance" xsi:noNamespaceSchemaLocation="https://maven.apache.org/surefire/maven-surefire-plugin/xsd/surefire-test-report.xsd" version="3.0.2" name="integration.OrchestratorApplicationIntegrationTests" time="11.344" tests="7" errors="0" skipped="0" failures="0">
  <properties>
[...]
</properties>
  <testcase name="Example #1.1" classname="Exemplos" time="4.929">
    <system-out><![CDATA[13:02:09,235 |-INFO in ch.qos.logback.classic.LoggerContext[default] - This is logback-classic version 1.5.12
13:02:09,238 |-INFO in ch.qos.logback.classic.util.ContextInitializer@7fab8e9a - Here is a list of configurators discovered as a service, by rank: 
13:02:09,238 |-INFO in ch.qos.logback.classic.util.ContextInitializer@7fab8e9a -   org.springframework.boot.logging.logback.RootLogLevelConfigurator
13:02:09,238 |-INFO in ch.qos.logback.classic.util.ContextInitializer@7fab8e9a - They will be invoked in order until ExecutionStatus.DO_NOT_INVOKE_NEXT_IF_ANY is returned.
13:02:09,238 |-INFO in ch.qos.logback.classic.util.ContextInitializer@7fab8e9a - Constructed configurator of type class org.springframework.boot.logging.logback.RootLogLevelConfigurator
13:02:09,241 |-INFO in ch.qos.logback.classic.util.ContextInitializer@7fab8e9a - org.springframework.boot.logging.logback.RootLogLevelConfigurator.configure() call lasted 0 milliseconds. ExecutionStatus=INVOKE_NEXT_IF_ANY
13:02:09,241 |-INFO in ch.qos.logback.classic.util.ContextInitializer@7fab8e9a - Trying to configure with ch.qos.logback.classic.joran.SerializedModelConfigurator
13:02:09,242 |-INFO in ch.qos.logback.classic.util.ContextInitializer@7fab8e9a - Constructed configurator of type class ch.qos.logback.classic.joran.SerializedModelConfigurator
13:02:09,242 |-INFO in ch.qos.logback.classic.LoggerContext[default] - Could NOT find resource [logback-test.scmo]
13:02:09,242 |-INFO in ch.qos.logback.classic.LoggerContext[default] - Could NOT find resource [logback.scmo]
13:02:09,242 |-INFO in ch.qos.logback.classic.util.ContextInitializer@7fab8e9a - ch.qos.logback.classic.joran.SerializedModelConfigurator.configure() call lasted 0 milliseconds. ExecutionStatus=INVOKE_NEXT_IF_ANY
13:02:09,242 |-INFO in ch.qos.logback.classic.util.ContextInitializer@7fab8e9a - Trying to configure with ch.qos.logback.classic.util.DefaultJoranConfigurator
13:02:09,243 |-INFO in ch.qos.logback.classic.util.ContextInitializer@7fab8e9a - Constructed configurator of type class ch.qos.logback.classic.util.DefaultJoranConfigurator
13:02:09,243 |-INFO in ch.qos.logback.classic.LoggerContext[default] - Could NOT find resource [logback-test.xml]
13:02:09,243 |-INFO in ch.qos.logback.classic.LoggerContext[default] - Could NOT find resource [logback.xml]
13:02:09,243 |-INFO in ch.qos.logback.classic.util.ContextInitializer@7fab8e9a - ch.qos.logback.classic.util.DefaultJoranConfigurator.configure() call lasted 0 milliseconds. ExecutionStatus=INVOKE_NEXT_IF_ANY
13:02:09,243 |-INFO in ch.qos.logback.classic.util.ContextInitializer@7fab8e9a - Trying to configure with ch.qos.logback.classic.BasicConfigurator
13:02:09,244 |-INFO in ch.qos.logback.classic.util.ContextInitializer@7fab8e9a - Constructed configurator of type class ch.qos.logback.classic.BasicConfigurator
13:02:09,244 |-INFO in ch.qos.logback.classic.BasicConfigurator@1f600254 - Setting up default configuration.
13:02:09,253 |-INFO in ch.qos.logback.classic.util.ContextInitializer@7fab8e9a - ch.qos.logback.classic.BasicConfigurator.configure() call lasted 9 milliseconds. ExecutionStatus=NEUTRAL
13:02:12,212 |-INFO in ch.qos.logback.classic.model.processor.ConfigurationModelHandlerFull - Registering a new ReconfigureOnChangeTask ReconfigureOnChangeTask(born:1769184132211)
13:02:12,212 |-INFO in ch.qos.logback.classic.model.processor.ConfigurationModelHandlerFull - No 'scanPeriod' specified. Defaulting to 1 minutes
13:02:12,213 |-INFO in ch.qos.logback.classic.model.processor.ConfigurationModelHandlerFull - Will scan for changes in [ConfigurationWatchList(mainURL=file:/C:/Users/Marcelo/Documents/workspace/ms-orchestrator/target/classes/logback-spring.xml, fileWatchList={C:\Users\Marcelo\Documents\workspace\ms-orchestrator\target\classes\logback-spring.xml}, urlWatchList=[})] 
13:02:12,213 |-INFO in ch.qos.logback.classic.model.processor.ConfigurationModelHandlerFull - Setting ReconfigureOnChangeTask scanning period to 1 minutes
13:02:12,215 |-INFO in ch.qos.logback.core.model.processor.AppenderModelHandler - Processing appender named [CONSOLE_PLAIN]
13:02:12,215 |-INFO in ch.qos.logback.core.model.processor.AppenderModelHandler - About to instantiate appender of type [ch.qos.logback.core.ConsoleAppender]
13:02:12,222 |-INFO in ch.qos.logback.core.model.processor.ImplicitModelHandler - Assuming default type [ch.qos.logback.classic.encoder.PatternLayoutEncoder] for [encoder] property
13:02:12,223 |-INFO in ch.qos.logback.core.model.processor.ModelInterpretationContext@21ec7946 - value "%d{yyyy-MM-dd HH:mm:ss.SSS} [%thread] %-5level [%X{traceId}] %logger{36} - %msg%n" substituted for "${LOG_PATTERN}"
13:02:12,256 |-INFO in ch.qos.logback.core.model.processor.AppenderModelHandler - Processing appender named [CONSOLE_JSON]
13:02:12,256 |-INFO in ch.qos.logback.core.model.processor.AppenderModelHandler - About to instantiate appender of type [ch.qos.logback.core.ConsoleAppender]
13:02:12,319 |-WARN in ch.qos.logback.core.model.processor.AppenderModelHandler - Appender named [ASYNC_JSON] not referenced. Skipping further processing.
13:02:12,320 |-INFO in ch.qos.logback.classic.model.processor.RootLoggerModelHandler - Setting level of ROOT logger to INFO
13:02:12,320 |-INFO in ch.qos.logback.classic.jul.LevelChangePropagator@1b5b650d - Propagating INFO level on Logger[ROOT] onto the JUL framework
13:02:12,320 |-INFO in ch.qos.logback.core.model.processor.AppenderRefModelHandler - Attaching appender named [CONSOLE_PLAIN] to Logger[ROOT]
13:02:12,321 |-INFO in ch.qos.logback.core.model.processor.DefaultProcessor@38a7f7a2 - End of configuration.
13:02:12,321 |-INFO in org.springframework.boot.logging.logback.SpringBootJoranConfigurator@27ca3040 - Registering current configuration as safe fallback point

███╗   ███╗███████╗      ██████╗ ██████╗  ██████╗██╗  ██╗███████╗███████╗████████╗██████╗  █████╗ ████████╗ ██████╗ ██████╗ 
████╗ ████║██╔════╝     ██╔═══██╗██╔══██╗██╔════╝██║  ██║██╔════╝██╔════╝╚══██╔══╝██╔══██╗██╔══██╗╚══██╔══╝██╔═══██╗██╔══██╗
██╔████╔██║███████╗     ██║   ██║██████╔╝██║     ███████║█████╗  ███████╗   ██║   ██████╔╝███████║   ██║   ██║   ██║██████╔╝
██║╚██╔╝██║╚════██║     ██║   ██║██╔══██╗██║     ██╔══██║██╔══╝  ╚════██║   ██║   ██╔══██╗██╔══██║   ██║   ██║   ██║██╔══██╗
██║ ╚═╝ ██║███████║     ╚██████╔╝██║  ██║╚██████╗██║  ██║███████╗███████║   ██║   ██║  ██║██║  ██║   ██║   ╚██████╔╝██║  ██║
╚═╝     ╚═╝╚══════╝      ╚═════╝ ╚═╝  ╚═╝ ╚═════╝╚═╝  ╚═╝╚══════╝╚══════╝   ╚═╝   ╚═╝  ╚═╝╚═╝  ╚═╝   ╚═╝    ╚═════╝ ╚═╝  ╚═╝
2026-01-23 13:02:12.498 [main] INFO  [] i.config.CucumberSpringConfig - Starting CucumberSpringConfig using Java 17.0.12 with PID 5880 (started by Marcelo in C:\Users\Marcelo\Documents\workspace\ms-orchestrator)
2026-01-23 13:02:12.500 [main] INFO  [] i.config.CucumberSpringConfig - The following 1 profile is active: "test"
2026-01-23 13:02:14.259 [main] WARN  [] i.a.c.a.c.CredentialsProviderAutoConfiguration - Skipping creating `StsCredentialsProvider`. `software.amazon.awssdk:sts` is on the classpath, but neither `spring.cloud.aws.credentials.sts` properties are configured nor `AWS_WEB_IDENTITY_TOKEN_FILE` or the javaproperty `aws.webIdentityTokenFile` is set
2026-01-23 13:02:14.985 [lifecycle-thread-2] INFO  [] i.a.c.s.l.AbstractMessageListenerContainer - Container io.awspring.cloud.sqs.sqsListenerEndpointContainer#1 started
2026-01-23 13:02:14.985 [lifecycle-thread-1] INFO  [] i.a.c.s.l.AbstractMessageListenerContainer - Container io.awspring.cloud.sqs.sqsListenerEndpointContainer#0 started
2026-01-23 13:02:14.985 [lifecycle-thread-3] INFO  [] i.a.c.s.l.AbstractMessageListenerContainer - Container io.awspring.cloud.sqs.sqsListenerEndpointContainer#2 started
2026-01-23 13:02:14.991 [main] INFO  [] i.config.CucumberSpringConfig - Started CucumberSpringConfig in 3.298 seconds (process running for 8.687)
2026-01-23 13:02:15.061 [main] INFO  [] c.n.o.i.adapters.LoggerAdapter - [OrchestrationService.startSaga] Saga iniciada com o id: 68d89d12-5a09-4446-b344-6978ee724245
2026-01-23 13:02:15.061 [main] INFO  [] c.n.o.i.adapters.LoggerAdapter - [OrchestrationService.startSaga] Enviando evento para: 2 filas producer: [PRODUCTION_QUEUE, PAYMENT_QUEUE]
2026-01-23 13:02:15.067 [main] INFO  [] c.n.o.i.adapters.LoggerAdapter - [SagaOrchestratorProducer.sendEvent] Iniciando publicação na fila: production-queue
2026-01-23 13:02:15.077 [main] INFO  [] c.n.o.i.adapters.LoggerAdapter - [SagaOrchestratorProducer.sendEvent] Iniciando publicação na fila: payment-queue
=== DEBUG - Step @Entao ===
lastQueueName: order-queue
event.source: ORCHESTRATOR
event.status: SUCCESS
event.id: 68d89d12-5a09-4446-b344-6978ee724245
event.transactionId: e74878b1-0949-4202-b16f-9183b044a61f
event.orderId: 25cb6102-a70d-4159-8269-3b4fd95eb5f9
]]></system-out>
  </testcase>
  <testcase name="Example #1.1" classname="Exemplos" time="1.012">
    <system-out><![CDATA[2026-01-23 13:02:18.143 [main] INFO  [] c.n.o.i.adapters.LoggerAdapter - [OrchestrationService.finishSagaFail] Saga finalizada com erro para o evento com id: c1c1c072-3972-4b37-a3c3-82d936e1fcf1!
2026-01-23 13:02:18.143 [main] INFO  [] c.n.o.i.adapters.LoggerAdapter - [SagaOrchestratorProducer.sendEvent] Iniciando publicação na fila: order-callback-queue
=== DEBUG - Step @Entao ===
lastQueueName: payment-callback-queue
event.source: PAYMENT
event.status: FAIL
event.id: c1c1c072-3972-4b37-a3c3-82d936e1fcf1
event.transactionId: 271805f8-7311-43cc-bab0-bb9348a45791
event.orderId: bc6fdc47-5bac-4ead-bd25-d78bbebd0f16
]]></system-out>
  </testcase>
  <testcase name="Example #1.1" classname="Exemplos" time="1.017">
    <system-out><![CDATA[2026-01-23 13:02:20.165 [main] INFO  [] c.n.o.i.adapters.LoggerAdapter - [OrchestrationService.handleRollback] Rollback da saga para o evento com o id: b07b47c4-fb30-4394-a1e6-e5b880e18f96!
2026-01-23 13:02:20.166 [main] INFO  [] c.n.o.i.adapters.LoggerAdapter - [OrchestrationService.handleRollback] Enviando evento de rollback para as filas: [PAYMENT_QUEUE, PRODUCTION_QUEUE]
2026-01-23 13:02:20.166 [main] INFO  [] c.n.o.i.adapters.LoggerAdapter - [SagaOrchestratorProducer.sendEvent] Iniciando publicação na fila: payment-queue
2026-01-23 13:02:20.167 [main] INFO  [] c.n.o.i.adapters.LoggerAdapter - [SagaOrchestratorProducer.sendEvent] Iniciando publicação na fila: production-queue
=== DEBUG - Step @Entao ===
lastQueueName: payment-queue
event.source: PAYMENT
event.status: ROLLBACK_PENDING
event.id: b07b47c4-fb30-4394-a1e6-e5b880e18f96
event.transactionId: 783301b8-2d22-45e0-ba4c-137c6d68447b
event.orderId: 51facd68-d0a5-4950-85e1-f7e0b65e85c7
]]></system-out>
  </testcase>
  <testcase name="Example #1.2" classname="Exemplos" time="1.023">
    <system-out><![CDATA[2026-01-23 13:02:16.104 [main] INFO  [] c.n.o.i.adapters.LoggerAdapter - [OrchestrationService.continueSaga] Continuando saga para o evento com o id: 189c39d0-dc3c-4517-a6e0-c9ac4ae49e23
2026-01-23 13:02:16.105 [main] INFO  [] c.n.o.i.adapters.LoggerAdapter - [SagaOrchestratorProducer.sendEvent] Iniciando publicação na fila: production-queue
=== DEBUG - Step @Entao ===
lastQueueName: payment-callback-queue
event.source: PAYMENT
event.status: SUCCESS
event.id: 189c39d0-dc3c-4517-a6e0-c9ac4ae49e23
event.transactionId: 808e2b13-898c-4556-b24d-34ab5523e179
event.orderId: 06bc6b60-2330-4cb4-928c-f7e77e5a0dd4
]]></system-out>
  </testcase>
  <testcase name="Example #1.2" classname="Exemplos" time="1.01">
    <system-out><![CDATA[2026-01-23 13:02:19.155 [main] INFO  [] c.n.o.i.adapters.LoggerAdapter - [OrchestrationService.finishSagaFail] Saga finalizada com erro para o evento com id: fa0e1cc4-729e-43bf-8ad6-55c27cb3faae!
2026-01-23 13:02:19.155 [main] INFO  [] c.n.o.i.adapters.LoggerAdapter - [SagaOrchestratorProducer.sendEvent] Iniciando publicação na fila: order-callback-queue
=== DEBUG - Step @Entao ===
lastQueueName: production-callback-queue
event.source: PRODUCTION
event.status: FAIL
event.id: fa0e1cc4-729e-43bf-8ad6-55c27cb3faae
event.transactionId: 0cbde45d-5f31-44be-b06f-2c52c50d08e5
event.orderId: eb95ee08-7631-4e4c-972a-fbb7aeef0c4a
]]></system-out>
  </testcase>
  <testcase name="Example #1.2" classname="Exemplos" time="1.013">
    <system-out><![CDATA[2026-01-23 13:02:21.183 [main] INFO  [] c.n.o.i.adapters.LoggerAdapter - [OrchestrationService.handleRollback] Rollback da saga para o evento com o id: d1472e87-0867-4d43-bb7d-5e47e4df7e58!
2026-01-23 13:02:21.183 [main] INFO  [] c.n.o.i.adapters.LoggerAdapter - [OrchestrationService.handleRollback] Enviando evento de rollback para as filas: [PRODUCTION_QUEUE, PAYMENT_QUEUE]
2026-01-23 13:02:21.183 [main] INFO  [] c.n.o.i.adapters.LoggerAdapter - [SagaOrchestratorProducer.sendEvent] Iniciando publicação na fila: production-queue
2026-01-23 13:02:21.184 [main] INFO  [] c.n.o.i.adapters.LoggerAdapter - [SagaOrchestratorProducer.sendEvent] Iniciando publicação na fila: payment-queue
=== DEBUG - Step @Entao ===
lastQueueName: production-queue
event.source: PRODUCTION
event.status: ROLLBACK_PENDING
event.id: d1472e87-0867-4d43-bb7d-5e47e4df7e58
event.transactionId: 74a05234-9583-4818-90bd-83c93a299b5a
event.orderId: 7e582111-819c-4f62-9ae0-cfade63cac8f
]]></system-out>
  </testcase>
  <testcase name="Example #1.3" classname="Exemplos" time="1.018">
    <system-out><![CDATA[2026-01-23 13:02:17.126 [main] INFO  [] c.n.o.i.adapters.LoggerAdapter - [OrchestrationService.finishSagaSuccess] Saga finalizada com sucesso para o evento do id: 822fed8c-cf62-48fc-ad11-c7d37d111243!
2026-01-23 13:02:17.126 [main] INFO  [] c.n.o.i.adapters.LoggerAdapter - [SagaOrchestratorProducer.sendEvent] Iniciando publicação na fila: order-callback-queue
=== DEBUG - Step @Entao ===
lastQueueName: production-callback-queue
event.source: PRODUCTION
event.status: SUCCESS
event.id: 822fed8c-cf62-48fc-ad11-c7d37d111243
event.transactionId: 20f8b8a2-1989-47c6-8117-3c91de8b1100
event.orderId: bb2b6c5b-e0f5-46f6-a5a7-7c17fd0b37ed
]]></system-out>
  </testcase>
</testsuite>